2025-05-25 05:30:07,919 INFO: Shop startup [in C:\Users\Zakon\Documents\python\shop\shops2\app.py:42]
2025-05-25 05:30:09,579 INFO: Shop startup [in C:\Users\Zakon\Documents\python\shop\shops2\app.py:42]
2025-05-25 05:33:07,608 INFO: Shop startup [in C:\Users\Zakon\Documents\python\shop\shops2\app.py:42]
2025-05-25 05:34:02,265 INFO: Shop startup [in C:\Users\Zakon\Documents\python\shop\shops2\app.py:42]
2025-05-25 05:49:52,384 INFO: Shop startup [in C:\Users\Zakon\Documents\python\shop\shops2\app.py:42]
2025-05-25 05:49:58,233 INFO: Shop startup [in C:\Users\Zakon\Documents\python\shop\shops2\app.py:42]
2025-05-25 05:54:13,181 INFO: Shop startup [in C:\Users\Zakon\Documents\python\shop\shops2\app.py:42]
2025-05-25 05:56:55,051 INFO: Shop startup [in C:\Users\Zakon\Documents\python\shop\shops2\app.py:42]
2025-05-25 06:00:27,397 INFO: Shop startup [in C:\Users\Zakon\Documents\python\shop\shops2\app.py:42]
2025-05-25 06:00:56,472 INFO: Shop startup [in C:\Users\Zakon\Documents\python\shop\shops2\app.py:42]
2025-05-25 06:09:57,638 INFO: Shop startup [in C:\Users\Zakon\Documents\python\shop\shops2\app.py:42]
2025-05-25 06:10:31,945 INFO: Shop startup [in C:\Users\Zakon\Documents\python\shop\shops2\app.py:42]
2025-05-25 06:12:16,242 INFO: Shop startup [in C:\Users\Zakon\Documents\python\shop\shops2\app.py:42]
2025-05-25 06:12:44,545 INFO: Shop startup [in C:\Users\Zakon\Documents\python\shop\shops2\app.py:43]
2025-05-25 06:12:55,850 INFO: Shop startup [in C:\Users\Zakon\Documents\python\shop\shops2\app.py:43]
2025-05-25 06:14:05,370 INFO: Admin login attempt - Email: admin@admin.com [in C:\Users\Zakon\Documents\python\shop\shops2\app.py:403]
2025-05-25 06:15:54,629 INFO: Admin login attempt - Email: admin@admin.com [in C:\Users\Zakon\Documents\python\shop\shops2\app.py:403]
2025-05-25 06:16:02,819 INFO: Admin login attempt - Email: admin@admin.com [in C:\Users\Zakon\Documents\python\shop\shops2\app.py:403]
2025-05-25 06:19:43,418 INFO: Shop startup [in C:\Users\Zakon\Documents\python\shop\shops2\app.py:43]
2025-05-25 06:20:36,037 INFO: Shop startup [in C:\Users\Zakon\Documents\python\shop\shops2\app.py:43]
2025-05-25 06:21:21,151 INFO: Admin login attempt - Email: admin@admin.com [in C:\Users\Zakon\Documents\python\shop\shops2\app.py:403]
2025-05-25 06:21:59,373 INFO: Admin login attempt - Email: admin@admin.com [in C:\Users\Zakon\Documents\python\shop\shops2\app.py:403]
2025-05-25 06:22:02,727 INFO: Admin login attempt - Email: admin@admin.com [in C:\Users\Zakon\Documents\python\shop\shops2\app.py:403]
2025-05-25 06:22:04,481 INFO: Admin login attempt - Email: admin@admin.com [in C:\Users\Zakon\Documents\python\shop\shops2\app.py:403]
2025-05-25 06:22:10,847 INFO: Admin login attempt - Email: admin@admin.com [in C:\Users\Zakon\Documents\python\shop\shops2\app.py:403]
2025-05-25 06:22:12,012 INFO: Admin login attempt - Email: admin@admin.com [in C:\Users\Zakon\Documents\python\shop\shops2\app.py:403]
2025-05-25 15:35:46,029 INFO: Shop startup [in C:\Users\Zakon\Documents\python\shop\shops2\app.py:43]
2025-05-25 15:35:47,851 INFO: Shop startup [in C:\Users\Zakon\Documents\python\shop\shops2\app.py:43]
2025-05-25 15:40:33,182 INFO: Shop startup [in C:\Users\Zakon\Documents\python\shop\shops2\app.py:43]
2025-05-25 15:40:41,238 INFO: Shop startup [in C:\Users\Zakon\Documents\python\shop\shops2\app.py:43]
2025-05-25 15:41:17,092 INFO: Admin login attempt - Email: admin@admin.com [in C:\Users\Zakon\Documents\python\shop\shops2\app.py:403]
2025-05-25 16:37:22,086 INFO: Shop startup [in C:\Users\Zakon\Documents\python\shop\shops2\app.py:43]
2025-05-25 16:37:24,295 INFO: Shop startup [in C:\Users\Zakon\Documents\python\shop\shops2\app.py:43]
2025-05-25 16:54:06,415 ERROR: Error in products route: Encountered unknown tag 'load'. [in C:\Users\Zakon\Documents\python\shop\shops2\app.py:189]
2025-05-25 17:05:28,609 INFO: Admin login attempt - Email: admin@admin.com [in C:\Users\Zakon\Documents\python\shop\shops2\app.py:403]
2025-05-25 17:12:28,762 INFO: Shop startup [in C:\Users\Zakon\Documents\python\shop\shops2\app.py:43]
2025-05-25 17:18:48,444 INFO: Shop startup [in C:\Users\Zakon\Documents\python\shop\shops2\app.py:43]
2025-05-25 17:18:50,069 INFO: Shop startup [in C:\Users\Zakon\Documents\python\shop\shops2\app.py:43]
2025-05-25 17:27:07,100 INFO: Admin login attempt - Email: admin@admin.com [in C:\Users\Zakon\Documents\python\shop\shops2\app.py:403]
2025-05-25 17:28:39,606 INFO: Shop startup [in C:\Users\Zakon\Documents\python\shop\shops2\app.py:43]
2025-05-25 17:28:42,860 INFO: Shop startup [in C:\Users\Zakon\Documents\python\shop\shops2\app.py:43]
2025-05-25 17:30:45,471 INFO: Shop startup [in C:\Users\Zakon\Documents\python\shop\shops2\app.py:43]
2025-05-25 17:30:49,586 INFO: Shop startup [in C:\Users\Zakon\Documents\python\shop\shops2\app.py:43]
2025-05-25 17:32:16,606 INFO: Admin login attempt - Email: admin@admin.com [in C:\Users\Zakon\Documents\python\shop\shops2\app.py:390]
2025-05-25 17:41:12,032 INFO: Shop startup [in C:\Users\Zakon\Documents\python\shop\shops2\app.py:43]
2025-05-25 17:41:23,656 INFO: Shop startup [in C:\Users\Zakon\Documents\python\shop\shops2\app.py:43]
2025-05-25 19:09:15,225 INFO: Shop startup [in C:\Users\Zakon\Documents\python\shop\shops2\app.py:43]
2025-05-25 19:09:16,853 INFO: Shop startup [in C:\Users\Zakon\Documents\python\shop\shops2\app.py:43]
2025-05-25 19:11:22,109 INFO: Admin login attempt - Email: admin@admin.com [in C:\Users\Zakon\Documents\python\shop\shops2\app.py:390]
2025-05-25 19:35:28,692 INFO: Shop startup [in C:\Users\Zakon\Documents\python\shop\shops2\app.py:43]
2025-05-25 19:35:39,901 INFO: Shop startup [in C:\Users\Zakon\Documents\python\shop\shops2\app.py:43]
2025-05-25 19:36:27,998 ERROR: Error updating profile: 'User' object has no attribute 'phone' [in C:\Users\Zakon\Documents\python\shop\shops2\app.py:465]
2025-05-25 19:38:24,086 INFO: Shop startup [in C:\Users\Zakon\Documents\python\shop\shops2\app.py:43]
2025-05-25 19:38:29,417 INFO: Shop startup [in C:\Users\Zakon\Documents\python\shop\shops2\app.py:43]
2025-05-25 19:39:04,369 ERROR: Error updating profile: 'User' object has no attribute 'phone' [in C:\Users\Zakon\Documents\python\shop\shops2\app.py:467]
2025-05-25 19:40:06,447 INFO: Shop startup [in C:\Users\Zakon\Documents\python\shop\shops2\app.py:43]
2025-05-25 19:48:19,951 INFO: Shop startup [in C:\Users\Zakon\Documents\python\shop\shops2\app.py:43]
2025-05-25 19:51:29,341 INFO: Shop startup [in C:\Users\Zakon\Documents\python\shop\shops2\app.py:43]
2025-05-25 19:53:35,269 INFO: Shop startup [in C:\Users\Zakon\Documents\python\shop\shops2\app.py:43]
2025-05-25 20:03:09,001 INFO: Shop startup [in C:\Users\Zakon\Documents\python\shop\shops2\app.py:43]
2025-05-25 20:03:55,114 INFO: Shop startup [in C:\Users\Zakon\Documents\python\shop\shops2\app.py:43]
2025-05-25 20:04:36,659 INFO: Admin login attempt - Email: admin@admin.com [in C:\Users\Zakon\Documents\python\shop\shops2\app.py:401]
2025-05-25 20:07:57,991 INFO: Shop startup [in C:\Users\Zakon\Documents\python\shop\shops2\app.py:43]
2025-05-25 20:08:23,231 INFO: Shop startup [in C:\Users\Zakon\Documents\python\shop\shops2\app.py:43]
2025-05-25 20:08:47,049 INFO: Admin login attempt - Email: admin@admin.com [in C:\Users\Zakon\Documents\python\shop\shops2\app.py:404]
2025-05-25 21:13:16,262 INFO: Shop startup [in C:\Users\Zakon\Documents\python\shop\shops2\app.py:43]
2025-05-25 21:13:21,812 INFO: Shop startup [in C:\Users\Zakon\Documents\python\shop\shops2\app.py:43]
2025-05-25 21:14:53,334 INFO: Admin login attempt - Email: admin@admin.com [in C:\Users\Zakon\Documents\python\shop\shops2\app.py:400]
2025-05-25 21:15:04,866 INFO: Admin login attempt - Email: admin@admin.com [in C:\Users\Zakon\Documents\python\shop\shops2\app.py:400]
2025-05-25 21:35:32,345 INFO: Shop startup [in C:\Users\Zakon\Documents\python\shop\shops2\app.py:43]
2025-05-25 21:35:40,253 INFO: Shop startup [in C:\Users\Zakon\Documents\python\shop\shops2\app.py:43]
2025-05-25 21:36:47,320 INFO: Admin login attempt - Email: admin@admin.com [in C:\Users\Zakon\Documents\python\shop\shops2\app.py:411]
2025-05-25 21:40:27,932 INFO: Shop startup [in C:\Users\Zakon\Documents\python\shop\shops2\app.py:43]
2025-05-25 21:40:39,244 INFO: Shop startup [in C:\Users\Zakon\Documents\python\shop\shops2\app.py:43]
2025-05-25 21:41:37,668 INFO: Admin login attempt - Email: admin@admin.com [in C:\Users\Zakon\Documents\python\shop\shops2\app.py:418]
2025-05-25 21:45:26,803 ERROR: Error processing order: (sqlite3.IntegrityError) NOT NULL constraint failed: order_item.order_id
[SQL: INSERT INTO order_item (order_id, product_id, quantity, price) VALUES (?, ?, ?, ?)]
[parameters: (None, 1, 2, 23.0)]
(Background on this error at: https://sqlalche.me/e/20/gkpj) [in C:\Users\Zakon\Documents\python\shop\shops2\app.py:342]
2025-05-25 21:55:23,420 INFO: Shop startup [in C:\Users\Zakon\Documents\python\shop\shops2\app.py:43]
2025-05-25 21:55:39,188 INFO: Shop startup [in C:\Users\Zakon\Documents\python\shop\shops2\app.py:43]
2025-05-25 21:55:46,335 INFO: Shop startup [in C:\Users\Zakon\Documents\python\shop\shops2\app.py:43]
2025-05-25 21:56:20,395 INFO: Admin login attempt - Email: admin@admin.com [in C:\Users\Zakon\Documents\python\shop\shops2\app.py:418]
2025-05-25 22:09:27,836 INFO: Shop startup [in C:\Users\Zakon\Documents\python\shop\shops2\app.py:43]
2025-05-25 22:09:29,827 INFO: Shop startup [in C:\Users\Zakon\Documents\python\shop\shops2\app.py:43]
